<?xml version="1.0" encoding="utf-8"?><testsuite errors="0" failures="0" name="pytest" skips="1" tests="32" time="0.465"><testcase classname="mini_lambda.tests.test_mini_lambda" file="mini_lambda/tests/test_mini_lambda.py" line="13" name="test_evaluator_iterable" time="0.0010001659393310547"></testcase><testcase classname="mini_lambda.tests.test_mini_lambda" file="mini_lambda/tests/test_mini_lambda.py" line="28" name="test_evaluator_iterator" time="0.0019860267639160156"></testcase><testcase classname="mini_lambda.tests.test_mini_lambda" file="mini_lambda/tests/test_mini_lambda.py" line="49" name="test_evaluator_iterator_iterable" time="0.001064300537109375"></testcase><testcase classname="mini_lambda.tests.test_mini_lambda" file="mini_lambda/tests/test_mini_lambda.py" line="60" name="test_evaluator_iterable_iterator_and_comparison" time="0.0010449886322021484"></testcase><testcase classname="mini_lambda.tests.test_mini_lambda" file="mini_lambda/tests/test_mini_lambda.py" line="72" name="test_evaluator_comprehension" time="0.001985788345336914"></testcase><testcase classname="mini_lambda.tests.test_mini_lambda" file="mini_lambda/tests/test_mini_lambda.py" line="81" name="test_evaluator_iterable_any" time="0.0019354820251464844"></testcase><testcase classname="mini_lambda.tests.test_mini_lambda" file="mini_lambda/tests/test_mini_lambda.py" line="95" name="test_evaluator_iterable_all" time="0.001409292221069336"></testcase><testcase classname="mini_lambda.tests.test_mini_lambda" file="mini_lambda/tests/test_mini_lambda.py" line="110" name="test_evaluator_repr" time="0.0009975433349609375"></testcase><testcase classname="mini_lambda.tests.test_mini_lambda" file="mini_lambda/tests/test_mini_lambda.py" line="127" name="test_evaluator_complex_1" time="0.0010886192321777344"></testcase><testcase classname="mini_lambda.tests.test_mini_lambda" file="mini_lambda/tests/test_mini_lambda.py" line="138" name="test_evaluator_str" time="0.0014984607696533203"></testcase><testcase classname="mini_lambda.tests.test_mini_lambda" file="mini_lambda/tests/test_mini_lambda.py" line="154" name="test_evaluator_bytes" time="0.0008518695831298828"></testcase><testcase classname="mini_lambda.tests.test_mini_lambda" file="mini_lambda/tests/test_mini_lambda.py" line="171" name="test_evaluator_sizeof" time="0.0008785724639892578"></testcase><testcase classname="mini_lambda.tests.test_mini_lambda" file="mini_lambda/tests/test_mini_lambda.py" line="189" name="test_evaluator_comparable" time="0.0020291805267333984"></testcase><testcase classname="mini_lambda.tests.test_mini_lambda" file="mini_lambda/tests/test_mini_lambda.py" line="209" name="test_evaluator_comparable_normal_function_first" time="0.0022034645080566406"></testcase><testcase classname="mini_lambda.tests.test_mini_lambda" file="mini_lambda/tests/test_mini_lambda.py" line="221" name="test_evaluator_comparable_both_evaluators" time="0.0011844635009765625"></testcase><testcase classname="mini_lambda.tests.test_mini_lambda" file="mini_lambda/tests/test_mini_lambda.py" line="234" name="test_evaluator_hashable" time="0.0018172264099121094"></testcase><testcase classname="mini_lambda.tests.test_mini_lambda" file="mini_lambda/tests/test_mini_lambda.py" line="250" name="test_evaluator_truth_testable" time="0.0014231204986572266"></testcase><testcase classname="mini_lambda.tests.test_mini_lambda" file="mini_lambda/tests/test_mini_lambda.py" line="266" name="test_evaluator_truth_testable_not" time="0.0014493465423583984"></testcase><testcase classname="mini_lambda.tests.test_mini_lambda" file="mini_lambda/tests/test_mini_lambda.py" line="282" name="test_evaluator_attribute" time="0.0009937286376953125"></testcase><testcase classname="mini_lambda.tests.test_mini_lambda" file="mini_lambda/tests/test_mini_lambda.py" line="301" name="test_evaluator_nonexistent_attribute_2" time="0.002032756805419922"></testcase><testcase classname="mini_lambda.tests.test_mini_lambda" file="mini_lambda/tests/test_mini_lambda.py" line="352" name="test_evaluator_container" time="0.0017423629760742188"></testcase><testcase classname="mini_lambda.tests.test_mini_lambda" file="mini_lambda/tests/test_mini_lambda.py" line="369" name="test_evaluator_sized" time="0.0008683204650878906"></testcase><testcase classname="mini_lambda.tests.test_mini_lambda" file="mini_lambda/tests/test_mini_lambda.py" line="383" name="test_evaluator_sized_compared" time="0.0013113021850585938"></testcase><testcase classname="mini_lambda.tests.test_mini_lambda" file="mini_lambda/tests/test_mini_lambda.py" line="406" name="test_evaluator_reversible" time="0.0015666484832763672"></testcase><testcase classname="mini_lambda.tests.test_mini_lambda" file="mini_lambda/tests/test_mini_lambda.py" line="418" name="test_evaluator_mapping" time="0.0014660358428955078"></testcase><testcase classname="mini_lambda.tests.test_mini_lambda" file="mini_lambda/tests/test_mini_lambda.py" line="444" name="test_evaluator_numeric" time="0.0014066696166992188"></testcase><testcase classname="mini_lambda.tests.test_mini_lambda" file="mini_lambda/tests/test_mini_lambda.py" line="499" name="test_evaluator_int_convertible" time="0.0009014606475830078"></testcase><testcase classname="mini_lambda.tests.test_mini_lambda" file="mini_lambda/tests/test_mini_lambda.py" line="513" name="test_evaluator_long_convertible" time="0.00128173828125"><skipped message="long seems not to be around anymore..." type="pytest.skip">mini_lambda/tests/test_mini_lambda.py:513: &lt;py._xmlgen.raw object at 0x7f6f0b6ee048&gt;</skipped></testcase><testcase classname="mini_lambda.tests.test_mini_lambda" file="mini_lambda/tests/test_mini_lambda.py" line="529" name="test_evaluator_float_convertible" time="0.0017445087432861328"></testcase><testcase classname="mini_lambda.tests.test_mini_lambda" file="mini_lambda/tests/test_mini_lambda.py" line="544" name="test_evaluator_complex_convertible" time="0.0023021697998046875"></testcase><testcase classname="mini_lambda.tests.test_mini_lambda" file="mini_lambda/tests/test_mini_lambda.py" line="560" name="test_evaluator_oct_convertible" time="0.0011508464813232422"></testcase><testcase classname="mini_lambda.tests.test_mini_lambda" file="mini_lambda/tests/test_mini_lambda.py" line="575" name="test_evaluator_index_slice" time="0.0015194416046142578"></testcase></testsuite>