<?xml version="1.0" encoding="utf-8"?><testsuite errors="0" failures="0" name="pytest" skips="2" tests="65" time="1.305"><testcase classname="mini_lambda.tests.test_mini_lambda" file="mini_lambda/tests/test_mini_lambda.py" line="16" name="test_evaluator_iterable" time="0.003793478012084961"></testcase><testcase classname="mini_lambda.tests.test_mini_lambda" file="mini_lambda/tests/test_mini_lambda.py" line="31" name="test_evaluator_iterator" time="0.0026123523712158203"></testcase><testcase classname="mini_lambda.tests.test_mini_lambda" file="mini_lambda/tests/test_mini_lambda.py" line="52" name="test_evaluator_iterator_iterable" time="0.002564668655395508"></testcase><testcase classname="mini_lambda.tests.test_mini_lambda" file="mini_lambda/tests/test_mini_lambda.py" line="63" name="test_evaluator_iterable_iterator_and_comparison" time="0.0029807090759277344"></testcase><testcase classname="mini_lambda.tests.test_mini_lambda" file="mini_lambda/tests/test_mini_lambda.py" line="75" name="test_evaluator_comprehension" time="0.0023186206817626953"></testcase><testcase classname="mini_lambda.tests.test_mini_lambda" file="mini_lambda/tests/test_mini_lambda.py" line="84" name="test_evaluator_iterable_any" time="0.0024292469024658203"></testcase><testcase classname="mini_lambda.tests.test_mini_lambda" file="mini_lambda/tests/test_mini_lambda.py" line="98" name="test_evaluator_iterable_all" time="0.0022211074829101562"></testcase><testcase classname="mini_lambda.tests.test_mini_lambda" file="mini_lambda/tests/test_mini_lambda.py" line="113" name="test_evaluator_repr" time="0.002265453338623047"></testcase><testcase classname="mini_lambda.tests.test_mini_lambda" file="mini_lambda/tests/test_mini_lambda.py" line="130" name="test_evaluator_complex_1" time="0.002738475799560547"></testcase><testcase classname="mini_lambda.tests.test_mini_lambda" file="mini_lambda/tests/test_mini_lambda.py" line="141" name="test_evaluator_str" time="0.0022306442260742188"></testcase><testcase classname="mini_lambda.tests.test_mini_lambda" file="mini_lambda/tests/test_mini_lambda.py" line="157" name="test_evaluator_bytes" time="0.0023152828216552734"></testcase><testcase classname="mini_lambda.tests.test_mini_lambda" file="mini_lambda/tests/test_mini_lambda.py" line="174" name="test_evaluator_format" time="0.0022640228271484375"></testcase><testcase classname="mini_lambda.tests.test_mini_lambda" file="mini_lambda/tests/test_mini_lambda.py" line="196" name="test_evaluator_sizeof" time="0.0021600723266601562"></testcase><testcase classname="mini_lambda.tests.test_mini_lambda" file="mini_lambda/tests/test_mini_lambda.py" line="214" name="test_evaluator_comparable" time="0.0023262500762939453"></testcase><testcase classname="mini_lambda.tests.test_mini_lambda" file="mini_lambda/tests/test_mini_lambda.py" line="234" name="test_evaluator_comparable_normal_function_first" time="0.0015192031860351562"><skipped message="it is not possible anymore to use functions as expressions, they need to be converted first" type="pytest.skip">mini_lambda/tests/test_mini_lambda.py:234: &lt;py._xmlgen.raw object at 0x7f4c52d5c1d0&gt;</skipped></testcase><testcase classname="mini_lambda.tests.test_mini_lambda" file="mini_lambda/tests/test_mini_lambda.py" line="247" name="test_evaluator_comparable_both_evaluators" time="0.0027229785919189453"></testcase><testcase classname="mini_lambda.tests.test_mini_lambda" file="mini_lambda/tests/test_mini_lambda.py" line="260" name="test_evaluator_hashable" time="0.0025815963745117188"></testcase><testcase classname="mini_lambda.tests.test_mini_lambda" file="mini_lambda/tests/test_mini_lambda.py" line="276" name="test_evaluator_truth_testable" time="0.0023832321166992188"></testcase><testcase classname="mini_lambda.tests.test_mini_lambda" file="mini_lambda/tests/test_mini_lambda.py" line="292" name="test_evaluator_truth_testable_not" time="0.002856731414794922"></testcase><testcase classname="mini_lambda.tests.test_mini_lambda" file="mini_lambda/tests/test_mini_lambda.py" line="308" name="test_evaluator_attribute" time="0.002242565155029297"></testcase><testcase classname="mini_lambda.tests.test_mini_lambda" file="mini_lambda/tests/test_mini_lambda.py" line="327" name="test_evaluator_nonexistent_attribute_2" time="0.0019826889038085938"></testcase><testcase classname="mini_lambda.tests.test_mini_lambda" file="mini_lambda/tests/test_mini_lambda.py" line="378" name="test_evaluator_container" time="0.0022859573364257812"></testcase><testcase classname="mini_lambda.tests.test_mini_lambda" file="mini_lambda/tests/test_mini_lambda.py" line="395" name="test_evaluator_sized" time="0.002149343490600586"></testcase><testcase classname="mini_lambda.tests.test_mini_lambda" file="mini_lambda/tests/test_mini_lambda.py" line="409" name="test_evaluator_sized_compared" time="0.001712799072265625"></testcase><testcase classname="mini_lambda.tests.test_mini_lambda" file="mini_lambda/tests/test_mini_lambda.py" line="432" name="test_evaluator_reversible" time="0.0024404525756835938"></testcase><testcase classname="mini_lambda.tests.test_mini_lambda" file="mini_lambda/tests/test_mini_lambda.py" line="444" name="test_evaluator_mapping" time="0.002467632293701172"></testcase><testcase classname="mini_lambda.tests.test_mini_lambda" file="mini_lambda/tests/test_mini_lambda.py" line="464" name="test_evaluator_mapping_key" time="0.0026788711547851562"></testcase><testcase classname="mini_lambda.tests.test_mini_lambda" file="mini_lambda/tests/test_mini_lambda.py" line="478" name="test_evaluator_list_slice" time="0.002153158187866211"></testcase><testcase classname="mini_lambda.tests.test_mini_lambda" file="mini_lambda/tests/test_mini_lambda.py" line="495" name="test_evaluator_numeric" time="0.002613067626953125"></testcase><testcase classname="mini_lambda.tests.test_mini_lambda" file="mini_lambda/tests/test_mini_lambda.py" line="548" name="test_evaluator_print_pow" time="0.0016112327575683594"></testcase><testcase classname="mini_lambda.tests.test_mini_lambda" file="mini_lambda/tests/test_mini_lambda.py" line="559" name="test_evaluator_int_convertible" time="0.001779317855834961"></testcase><testcase classname="mini_lambda.tests.test_mini_lambda" file="mini_lambda/tests/test_mini_lambda.py" line="573" name="test_evaluator_maths" time="0.002540111541748047"></testcase><testcase classname="mini_lambda.tests.test_mini_lambda" file="mini_lambda/tests/test_mini_lambda.py" line="593" name="test_evaluator_long_convertible" time="0.0013413429260253906"><skipped message="long seems not to be around anymore..." type="pytest.skip">mini_lambda/tests/test_mini_lambda.py:593: &lt;py._xmlgen.raw object at 0x7f4c52d46b00&gt;</skipped></testcase><testcase classname="mini_lambda.tests.test_mini_lambda" file="mini_lambda/tests/test_mini_lambda.py" line="609" name="test_evaluator_float_convertible" time="0.0019114017486572266"></testcase><testcase classname="mini_lambda.tests.test_mini_lambda" file="mini_lambda/tests/test_mini_lambda.py" line="624" name="test_evaluator_complex_convertible" time="0.002309560775756836"></testcase><testcase classname="mini_lambda.tests.test_mini_lambda" file="mini_lambda/tests/test_mini_lambda.py" line="640" name="test_evaluator_oct_convertible" time="0.0018150806427001953"></testcase><testcase classname="mini_lambda.tests.test_mini_lambda" file="mini_lambda/tests/test_mini_lambda.py" line="655" name="test_evaluator_index_slice" time="0.0028700828552246094"></testcase><testcase classname="mini_lambda.tests.test_mini_lambda" file="mini_lambda/tests/test_mini_lambda.py" line="679" name="test_evaluator_different_vars" time="0.0030012130737304688"></testcase><testcase classname="mini_lambda.tests.test_mini_lambda" file="mini_lambda/tests/test_mini_lambda.py" line="713" name="test_constants_named" time="0.0021004676818847656"></testcase><testcase classname="mini_lambda.tests.test_mini_lambda" file="mini_lambda/tests/test_mini_lambda.py" line="725" name="test_generated_methods" time="0.002012014389038086"><system-out>sin(x)
</system-out></testcase><testcase classname="mini_lambda.tests.test_mini_lambda" file="mini_lambda/tests/test_mini_lambda.py" line="739" name="test_constants_methods_can_be_combined" time="0.002312183380126953"></testcase><testcase classname="mini_lambda.tests.test_mini_lambda_add_methods" file="mini_lambda/tests/test_mini_lambda_add_methods.py" line="5" name="test_add_new_unbound_positional" time="0.0026204586029052734"><system-out>log(2.718281828459045 ** x)
</system-out></testcase><testcase classname="mini_lambda.tests.test_mini_lambda_add_methods" file="mini_lambda/tests/test_mini_lambda_add_methods.py" line="34" name="test_add_new_unbound_keywords" time="0.0026578903198242188"></testcase><testcase classname="mini_lambda.tests.test_mini_lambda_add_methods" file="mini_lambda/tests/test_mini_lambda_add_methods.py" line="53" name="test_add_new_unbound_no_name" time="0.003405332565307617"></testcase><testcase classname="mini_lambda.tests.test_mini_lambda_add_methods" file="mini_lambda/tests/test_mini_lambda_add_methods.py" line="88" name="test_add_new_bound_positional" time="0.002327442169189453"></testcase><testcase classname="mini_lambda.tests.test_mini_lambda_add_methods" file="mini_lambda/tests/test_mini_lambda_add_methods.py" line="106" name="test_add_new_bound_keywords_static_class" time="0.0028333663940429688"></testcase><testcase classname="mini_lambda.tests.test_mini_lambda_add_methods" file="mini_lambda/tests/test_mini_lambda_add_methods.py" line="149" name="test_donot_add_new_bound_with_constants" time="0.002768993377685547"></testcase><testcase classname="mini_lambda.tests.test_mini_lambda_add_methods" file="mini_lambda/tests/test_mini_lambda_add_methods.py" line="166" name="test_add_class" time="0.003142118453979492"></testcase><testcase classname="mini_lambda.tests.test_packaging" file="mini_lambda/tests/test_packaging.py" line="1" name="test_named_import" time="0.0019278526306152344"></testcase><testcase classname="mini_lambda.tests.test_packaging" file="mini_lambda/tests/test_packaging.py" line="6" name="test_import_from" time="0.002111196517944336"></testcase><testcase classname="mini_lambda.tests.test_packaging_wild" file="mini_lambda/tests/test_packaging_wild.py" line="3" name="test_wild_import" time="0.002119779586791992"></testcase><testcase classname="mini_lambda.tests.test_readme" file="mini_lambda/tests/test_readme.py" line="6" name="test_doc_index_1" time="0.0023615360260009766"><system-out>Hello, world !
&apos;Hello, &apos; + s + &apos; !&apos;
</system-out></testcase><testcase classname="mini_lambda.tests.test_readme" file="mini_lambda/tests/test_readme.py" line="23" name="test_doc_index_2" time="0.0028090476989746094"><system-out>s.islower()
s[0:4].upper() + &apos; !&apos;
-x &gt; x ** 2
(1 - 2 * x &lt;= -x) | (-x &gt; x ** 2)
log(10 ** x, 10)
</system-out></testcase><testcase classname="mini_lambda.tests.test_readme" file="mini_lambda/tests/test_readme.py" line="56" name="test_doc_usage_input_variables" time="0.0022330284118652344"></testcase><testcase classname="mini_lambda.tests.test_readme" file="mini_lambda/tests/test_readme.py" line="66" name="test_doc_usage_expressions_1" time="0.0024034976959228516"><system-out>&lt;class &apos;mini_lambda.main._LambdaExpression&apos;&gt;
1234
x
</system-out></testcase><testcase classname="mini_lambda.tests.test_readme" file="mini_lambda/tests/test_readme.py" line="83" name="test_doc_usage_expressions_2" time="0.002132415771484375"></testcase><testcase classname="mini_lambda.tests.test_readme" file="mini_lambda/tests/test_readme.py" line="114" name="test_doc_usage_expressions_3_all_at_once" time="0.0024573802947998047"><system-out>Hello, world !
</system-out></testcase><testcase classname="mini_lambda.tests.test_readme" file="mini_lambda/tests/test_readme.py" line="121" name="test_doc_usage_syntax_1" time="0.002165079116821289"></testcase><testcase classname="mini_lambda.tests.test_readme" file="mini_lambda/tests/test_readme.py" line="138" name="test_doc_usage_syntax_2" time="0.004158496856689453"></testcase><testcase classname="mini_lambda.tests.test_readme" file="mini_lambda/tests/test_readme.py" line="214" name="test_doc_usage_other_constants" time="0.002292156219482422"></testcase><testcase classname="mini_lambda.tests.test_readme" file="mini_lambda/tests/test_readme.py" line="230" name="test_doc_usage_other_functions_1" time="0.0026106834411621094"><system-out>startswith(&apos;hello&apos;, &apos;el&apos;, x)
</system-out></testcase><testcase classname="mini_lambda.tests.test_readme" file="mini_lambda/tests/test_readme.py" line="268" name="test_doc_usage_other_functions_2" time="0.002723217010498047"></testcase><testcase classname="mini_lambda.tests.test_readme" file="mini_lambda/tests/test_readme.py" line="303" name="test_doc_usage_other_classes" time="0.005384922027587891"></testcase><testcase classname="mini_lambda.tests.test_readme" file="mini_lambda/tests/test_readme.py" line="316" name="test_doc_usage_all_at_once" time="0.009990453720092773"><system-out>   0  1
0  1  2
</system-out></testcase><testcase classname="mini_lambda.tests.test_readme" file="mini_lambda/tests/test_readme.py" line="328" name="test_doc_usage_already_imported" time="0.0020952224731445312"></testcase></testsuite>