<?xml version="1.0" encoding="utf-8"?><testsuite errors="0" failures="0" name="pytest" skips="2" tests="65" time="1.065"><testcase classname="mini_lambda.tests.test_mini_lambda" file="mini_lambda/tests/test_mini_lambda.py" line="16" name="test_evaluator_iterable" time="0.004261016845703125"></testcase><testcase classname="mini_lambda.tests.test_mini_lambda" file="mini_lambda/tests/test_mini_lambda.py" line="31" name="test_evaluator_iterator" time="0.001920938491821289"></testcase><testcase classname="mini_lambda.tests.test_mini_lambda" file="mini_lambda/tests/test_mini_lambda.py" line="52" name="test_evaluator_iterator_iterable" time="0.0013427734375"></testcase><testcase classname="mini_lambda.tests.test_mini_lambda" file="mini_lambda/tests/test_mini_lambda.py" line="63" name="test_evaluator_iterable_iterator_and_comparison" time="0.0022792816162109375"></testcase><testcase classname="mini_lambda.tests.test_mini_lambda" file="mini_lambda/tests/test_mini_lambda.py" line="75" name="test_evaluator_comprehension" time="0.0021910667419433594"></testcase><testcase classname="mini_lambda.tests.test_mini_lambda" file="mini_lambda/tests/test_mini_lambda.py" line="84" name="test_evaluator_iterable_any" time="0.001226663589477539"></testcase><testcase classname="mini_lambda.tests.test_mini_lambda" file="mini_lambda/tests/test_mini_lambda.py" line="98" name="test_evaluator_iterable_all" time="0.0022325515747070312"></testcase><testcase classname="mini_lambda.tests.test_mini_lambda" file="mini_lambda/tests/test_mini_lambda.py" line="113" name="test_evaluator_repr" time="0.0015909671783447266"></testcase><testcase classname="mini_lambda.tests.test_mini_lambda" file="mini_lambda/tests/test_mini_lambda.py" line="130" name="test_evaluator_complex_1" time="0.0026302337646484375"></testcase><testcase classname="mini_lambda.tests.test_mini_lambda" file="mini_lambda/tests/test_mini_lambda.py" line="141" name="test_evaluator_str" time="0.002835988998413086"></testcase><testcase classname="mini_lambda.tests.test_mini_lambda" file="mini_lambda/tests/test_mini_lambda.py" line="157" name="test_evaluator_bytes" time="0.001928567886352539"></testcase><testcase classname="mini_lambda.tests.test_mini_lambda" file="mini_lambda/tests/test_mini_lambda.py" line="174" name="test_evaluator_format" time="0.001874685287475586"></testcase><testcase classname="mini_lambda.tests.test_mini_lambda" file="mini_lambda/tests/test_mini_lambda.py" line="196" name="test_evaluator_sizeof" time="0.0019016265869140625"></testcase><testcase classname="mini_lambda.tests.test_mini_lambda" file="mini_lambda/tests/test_mini_lambda.py" line="214" name="test_evaluator_comparable" time="0.0020732879638671875"></testcase><testcase classname="mini_lambda.tests.test_mini_lambda" file="mini_lambda/tests/test_mini_lambda.py" line="234" name="test_evaluator_comparable_normal_function_first" time="0.000926971435546875"><skipped message="it is not possible anymore to use functions as expressions, they need to be converted first" type="pytest.skip">mini_lambda/tests/test_mini_lambda.py:234: &lt;py._xmlgen.raw object at 0x7f486f8d1e10&gt;</skipped></testcase><testcase classname="mini_lambda.tests.test_mini_lambda" file="mini_lambda/tests/test_mini_lambda.py" line="247" name="test_evaluator_comparable_both_evaluators" time="0.0015749931335449219"></testcase><testcase classname="mini_lambda.tests.test_mini_lambda" file="mini_lambda/tests/test_mini_lambda.py" line="260" name="test_evaluator_hashable" time="0.0025441646575927734"></testcase><testcase classname="mini_lambda.tests.test_mini_lambda" file="mini_lambda/tests/test_mini_lambda.py" line="276" name="test_evaluator_truth_testable" time="0.00301361083984375"></testcase><testcase classname="mini_lambda.tests.test_mini_lambda" file="mini_lambda/tests/test_mini_lambda.py" line="292" name="test_evaluator_truth_testable_not" time="0.0029892921447753906"></testcase><testcase classname="mini_lambda.tests.test_mini_lambda" file="mini_lambda/tests/test_mini_lambda.py" line="308" name="test_evaluator_attribute" time="0.002991914749145508"></testcase><testcase classname="mini_lambda.tests.test_mini_lambda" file="mini_lambda/tests/test_mini_lambda.py" line="327" name="test_evaluator_nonexistent_attribute_2" time="0.001245737075805664"></testcase><testcase classname="mini_lambda.tests.test_mini_lambda" file="mini_lambda/tests/test_mini_lambda.py" line="378" name="test_evaluator_container" time="0.0012116432189941406"></testcase><testcase classname="mini_lambda.tests.test_mini_lambda" file="mini_lambda/tests/test_mini_lambda.py" line="395" name="test_evaluator_sized" time="0.0014355182647705078"></testcase><testcase classname="mini_lambda.tests.test_mini_lambda" file="mini_lambda/tests/test_mini_lambda.py" line="409" name="test_evaluator_sized_compared" time="0.002820730209350586"></testcase><testcase classname="mini_lambda.tests.test_mini_lambda" file="mini_lambda/tests/test_mini_lambda.py" line="432" name="test_evaluator_reversible" time="0.0024704933166503906"></testcase><testcase classname="mini_lambda.tests.test_mini_lambda" file="mini_lambda/tests/test_mini_lambda.py" line="444" name="test_evaluator_mapping" time="0.002574443817138672"></testcase><testcase classname="mini_lambda.tests.test_mini_lambda" file="mini_lambda/tests/test_mini_lambda.py" line="464" name="test_evaluator_mapping_key" time="0.003040790557861328"></testcase><testcase classname="mini_lambda.tests.test_mini_lambda" file="mini_lambda/tests/test_mini_lambda.py" line="478" name="test_evaluator_list_slice" time="0.0045773983001708984"></testcase><testcase classname="mini_lambda.tests.test_mini_lambda" file="mini_lambda/tests/test_mini_lambda.py" line="495" name="test_evaluator_numeric" time="0.002825021743774414"></testcase><testcase classname="mini_lambda.tests.test_mini_lambda" file="mini_lambda/tests/test_mini_lambda.py" line="548" name="test_evaluator_print_pow" time="0.002409219741821289"></testcase><testcase classname="mini_lambda.tests.test_mini_lambda" file="mini_lambda/tests/test_mini_lambda.py" line="559" name="test_evaluator_int_convertible" time="0.0013232231140136719"></testcase><testcase classname="mini_lambda.tests.test_mini_lambda" file="mini_lambda/tests/test_mini_lambda.py" line="573" name="test_evaluator_maths" time="0.0025148391723632812"></testcase><testcase classname="mini_lambda.tests.test_mini_lambda" file="mini_lambda/tests/test_mini_lambda.py" line="593" name="test_evaluator_long_convertible" time="0.0008084774017333984"><skipped message="long seems not to be around anymore..." type="pytest.skip">mini_lambda/tests/test_mini_lambda.py:593: &lt;py._xmlgen.raw object at 0x7f486fe539e8&gt;</skipped></testcase><testcase classname="mini_lambda.tests.test_mini_lambda" file="mini_lambda/tests/test_mini_lambda.py" line="609" name="test_evaluator_float_convertible" time="0.0013148784637451172"></testcase><testcase classname="mini_lambda.tests.test_mini_lambda" file="mini_lambda/tests/test_mini_lambda.py" line="624" name="test_evaluator_complex_convertible" time="0.002544879913330078"></testcase><testcase classname="mini_lambda.tests.test_mini_lambda" file="mini_lambda/tests/test_mini_lambda.py" line="640" name="test_evaluator_oct_convertible" time="0.0025010108947753906"></testcase><testcase classname="mini_lambda.tests.test_mini_lambda" file="mini_lambda/tests/test_mini_lambda.py" line="655" name="test_evaluator_index_slice" time="0.0019044876098632812"></testcase><testcase classname="mini_lambda.tests.test_mini_lambda" file="mini_lambda/tests/test_mini_lambda.py" line="679" name="test_evaluator_different_vars" time="0.0016794204711914062"></testcase><testcase classname="mini_lambda.tests.test_mini_lambda" file="mini_lambda/tests/test_mini_lambda.py" line="713" name="test_constants_named" time="0.0015490055084228516"></testcase><testcase classname="mini_lambda.tests.test_mini_lambda" file="mini_lambda/tests/test_mini_lambda.py" line="725" name="test_generated_methods" time="0.002089262008666992"><system-out>sin(x)
</system-out></testcase><testcase classname="mini_lambda.tests.test_mini_lambda" file="mini_lambda/tests/test_mini_lambda.py" line="739" name="test_constants_methods_can_be_combined" time="0.0029997825622558594"></testcase><testcase classname="mini_lambda.tests.test_mini_lambda_add_methods" file="mini_lambda/tests/test_mini_lambda_add_methods.py" line="5" name="test_add_new_unbound_positional" time="0.0031418800354003906"><system-out>log(2.718281828459045 ** x)
</system-out></testcase><testcase classname="mini_lambda.tests.test_mini_lambda_add_methods" file="mini_lambda/tests/test_mini_lambda_add_methods.py" line="34" name="test_add_new_unbound_keywords" time="0.002574443817138672"></testcase><testcase classname="mini_lambda.tests.test_mini_lambda_add_methods" file="mini_lambda/tests/test_mini_lambda_add_methods.py" line="53" name="test_add_new_unbound_no_name" time="0.004357337951660156"></testcase><testcase classname="mini_lambda.tests.test_mini_lambda_add_methods" file="mini_lambda/tests/test_mini_lambda_add_methods.py" line="88" name="test_add_new_bound_positional" time="0.0034546852111816406"></testcase><testcase classname="mini_lambda.tests.test_mini_lambda_add_methods" file="mini_lambda/tests/test_mini_lambda_add_methods.py" line="106" name="test_add_new_bound_keywords_static_class" time="0.002231121063232422"></testcase><testcase classname="mini_lambda.tests.test_mini_lambda_add_methods" file="mini_lambda/tests/test_mini_lambda_add_methods.py" line="149" name="test_donot_add_new_bound_with_constants" time="0.0035233497619628906"></testcase><testcase classname="mini_lambda.tests.test_mini_lambda_add_methods" file="mini_lambda/tests/test_mini_lambda_add_methods.py" line="166" name="test_add_class" time="0.0016353130340576172"></testcase><testcase classname="mini_lambda.tests.test_packaging" file="mini_lambda/tests/test_packaging.py" line="1" name="test_named_import" time="0.0010781288146972656"></testcase><testcase classname="mini_lambda.tests.test_packaging" file="mini_lambda/tests/test_packaging.py" line="6" name="test_import_from" time="0.002646923065185547"></testcase><testcase classname="mini_lambda.tests.test_packaging_wild" file="mini_lambda/tests/test_packaging_wild.py" line="3" name="test_wild_import" time="0.0023801326751708984"></testcase><testcase classname="mini_lambda.tests.test_readme" file="mini_lambda/tests/test_readme.py" line="6" name="test_doc_index_1" time="0.0022394657135009766"><system-out>Hello, world !
&apos;Hello, &apos; + s + &apos; !&apos;
</system-out></testcase><testcase classname="mini_lambda.tests.test_readme" file="mini_lambda/tests/test_readme.py" line="23" name="test_doc_index_2" time="0.004275321960449219"><system-out>s.islower()
s[0:4].upper() + &apos; !&apos;
-x &gt; x ** 2
(1 - 2 * x &lt;= -x) | (-x &gt; x ** 2)
log(10 ** x, 10)
</system-out></testcase><testcase classname="mini_lambda.tests.test_readme" file="mini_lambda/tests/test_readme.py" line="56" name="test_doc_usage_input_variables" time="0.0021462440490722656"></testcase><testcase classname="mini_lambda.tests.test_readme" file="mini_lambda/tests/test_readme.py" line="66" name="test_doc_usage_expressions_1" time="0.002330303192138672"><system-out>&lt;class &apos;mini_lambda.main._LambdaExpression&apos;&gt;
1234
x
</system-out></testcase><testcase classname="mini_lambda.tests.test_readme" file="mini_lambda/tests/test_readme.py" line="83" name="test_doc_usage_expressions_2" time="0.001383066177368164"></testcase><testcase classname="mini_lambda.tests.test_readme" file="mini_lambda/tests/test_readme.py" line="114" name="test_doc_usage_expressions_3_all_at_once" time="0.0022859573364257812"><system-out>Hello, world !
</system-out></testcase><testcase classname="mini_lambda.tests.test_readme" file="mini_lambda/tests/test_readme.py" line="121" name="test_doc_usage_syntax_1" time="0.0015444755554199219"></testcase><testcase classname="mini_lambda.tests.test_readme" file="mini_lambda/tests/test_readme.py" line="138" name="test_doc_usage_syntax_2" time="0.0030050277709960938"></testcase><testcase classname="mini_lambda.tests.test_readme" file="mini_lambda/tests/test_readme.py" line="214" name="test_doc_usage_other_constants" time="0.002628803253173828"></testcase><testcase classname="mini_lambda.tests.test_readme" file="mini_lambda/tests/test_readme.py" line="230" name="test_doc_usage_other_functions_1" time="0.002626180648803711"><system-out>startswith(&apos;hello&apos;, &apos;el&apos;, x)
</system-out></testcase><testcase classname="mini_lambda.tests.test_readme" file="mini_lambda/tests/test_readme.py" line="268" name="test_doc_usage_other_functions_2" time="0.001720428466796875"></testcase><testcase classname="mini_lambda.tests.test_readme" file="mini_lambda/tests/test_readme.py" line="303" name="test_doc_usage_other_classes" time="0.002559185028076172"></testcase><testcase classname="mini_lambda.tests.test_readme" file="mini_lambda/tests/test_readme.py" line="316" name="test_doc_usage_all_at_once" time="0.008750438690185547"><system-out>   0  1
0  1  2
</system-out></testcase><testcase classname="mini_lambda.tests.test_readme" file="mini_lambda/tests/test_readme.py" line="328" name="test_doc_usage_already_imported" time="0.003139019012451172"></testcase></testsuite>