<?xml version="1.0" encoding="utf-8"?><testsuite errors="0" failures="0" name="pytest" skips="2" tests="65" time="1.522"><testcase classname="mini_lambda.tests.test_mini_lambda" file="mini_lambda/tests/test_mini_lambda.py" line="16" name="test_evaluator_iterable" time="0.004834651947021484"></testcase><testcase classname="mini_lambda.tests.test_mini_lambda" file="mini_lambda/tests/test_mini_lambda.py" line="31" name="test_evaluator_iterator" time="0.0029544830322265625"></testcase><testcase classname="mini_lambda.tests.test_mini_lambda" file="mini_lambda/tests/test_mini_lambda.py" line="52" name="test_evaluator_iterator_iterable" time="0.0024585723876953125"></testcase><testcase classname="mini_lambda.tests.test_mini_lambda" file="mini_lambda/tests/test_mini_lambda.py" line="63" name="test_evaluator_iterable_iterator_and_comparison" time="0.0023920536041259766"></testcase><testcase classname="mini_lambda.tests.test_mini_lambda" file="mini_lambda/tests/test_mini_lambda.py" line="75" name="test_evaluator_comprehension" time="0.0029256343841552734"></testcase><testcase classname="mini_lambda.tests.test_mini_lambda" file="mini_lambda/tests/test_mini_lambda.py" line="84" name="test_evaluator_iterable_any" time="0.002768278121948242"></testcase><testcase classname="mini_lambda.tests.test_mini_lambda" file="mini_lambda/tests/test_mini_lambda.py" line="98" name="test_evaluator_iterable_all" time="0.002523660659790039"></testcase><testcase classname="mini_lambda.tests.test_mini_lambda" file="mini_lambda/tests/test_mini_lambda.py" line="113" name="test_evaluator_repr" time="0.002428770065307617"></testcase><testcase classname="mini_lambda.tests.test_mini_lambda" file="mini_lambda/tests/test_mini_lambda.py" line="130" name="test_evaluator_complex_1" time="0.00283050537109375"></testcase><testcase classname="mini_lambda.tests.test_mini_lambda" file="mini_lambda/tests/test_mini_lambda.py" line="141" name="test_evaluator_str" time="0.002671957015991211"></testcase><testcase classname="mini_lambda.tests.test_mini_lambda" file="mini_lambda/tests/test_mini_lambda.py" line="157" name="test_evaluator_bytes" time="0.002257108688354492"></testcase><testcase classname="mini_lambda.tests.test_mini_lambda" file="mini_lambda/tests/test_mini_lambda.py" line="174" name="test_evaluator_format" time="0.002989530563354492"></testcase><testcase classname="mini_lambda.tests.test_mini_lambda" file="mini_lambda/tests/test_mini_lambda.py" line="196" name="test_evaluator_sizeof" time="0.0028734207153320312"></testcase><testcase classname="mini_lambda.tests.test_mini_lambda" file="mini_lambda/tests/test_mini_lambda.py" line="214" name="test_evaluator_comparable" time="0.003541231155395508"></testcase><testcase classname="mini_lambda.tests.test_mini_lambda" file="mini_lambda/tests/test_mini_lambda.py" line="234" name="test_evaluator_comparable_normal_function_first" time="0.00153350830078125"><skipped message="it is not possible anymore to use functions as expressions, they need to be converted first" type="pytest.skip">mini_lambda/tests/test_mini_lambda.py:234: &lt;py._xmlgen.raw object at 0x7fafeeb4e7f0&gt;</skipped></testcase><testcase classname="mini_lambda.tests.test_mini_lambda" file="mini_lambda/tests/test_mini_lambda.py" line="247" name="test_evaluator_comparable_both_evaluators" time="0.0029625892639160156"></testcase><testcase classname="mini_lambda.tests.test_mini_lambda" file="mini_lambda/tests/test_mini_lambda.py" line="260" name="test_evaluator_hashable" time="0.002129793167114258"></testcase><testcase classname="mini_lambda.tests.test_mini_lambda" file="mini_lambda/tests/test_mini_lambda.py" line="276" name="test_evaluator_truth_testable" time="0.0027511119842529297"></testcase><testcase classname="mini_lambda.tests.test_mini_lambda" file="mini_lambda/tests/test_mini_lambda.py" line="292" name="test_evaluator_truth_testable_not" time="0.0019125938415527344"></testcase><testcase classname="mini_lambda.tests.test_mini_lambda" file="mini_lambda/tests/test_mini_lambda.py" line="308" name="test_evaluator_attribute" time="0.003251314163208008"></testcase><testcase classname="mini_lambda.tests.test_mini_lambda" file="mini_lambda/tests/test_mini_lambda.py" line="327" name="test_evaluator_nonexistent_attribute_2" time="0.0019648075103759766"></testcase><testcase classname="mini_lambda.tests.test_mini_lambda" file="mini_lambda/tests/test_mini_lambda.py" line="378" name="test_evaluator_container" time="0.0034279823303222656"></testcase><testcase classname="mini_lambda.tests.test_mini_lambda" file="mini_lambda/tests/test_mini_lambda.py" line="395" name="test_evaluator_sized" time="0.0030503273010253906"></testcase><testcase classname="mini_lambda.tests.test_mini_lambda" file="mini_lambda/tests/test_mini_lambda.py" line="409" name="test_evaluator_sized_compared" time="0.0028367042541503906"></testcase><testcase classname="mini_lambda.tests.test_mini_lambda" file="mini_lambda/tests/test_mini_lambda.py" line="432" name="test_evaluator_reversible" time="0.002604961395263672"></testcase><testcase classname="mini_lambda.tests.test_mini_lambda" file="mini_lambda/tests/test_mini_lambda.py" line="444" name="test_evaluator_mapping" time="0.0014371871948242188"></testcase><testcase classname="mini_lambda.tests.test_mini_lambda" file="mini_lambda/tests/test_mini_lambda.py" line="464" name="test_evaluator_mapping_key" time="0.0023665428161621094"></testcase><testcase classname="mini_lambda.tests.test_mini_lambda" file="mini_lambda/tests/test_mini_lambda.py" line="478" name="test_evaluator_list_slice" time="0.0014781951904296875"></testcase><testcase classname="mini_lambda.tests.test_mini_lambda" file="mini_lambda/tests/test_mini_lambda.py" line="495" name="test_evaluator_numeric" time="0.002898693084716797"></testcase><testcase classname="mini_lambda.tests.test_mini_lambda" file="mini_lambda/tests/test_mini_lambda.py" line="548" name="test_evaluator_print_pow" time="0.001697540283203125"></testcase><testcase classname="mini_lambda.tests.test_mini_lambda" file="mini_lambda/tests/test_mini_lambda.py" line="559" name="test_evaluator_int_convertible" time="0.0027222633361816406"></testcase><testcase classname="mini_lambda.tests.test_mini_lambda" file="mini_lambda/tests/test_mini_lambda.py" line="573" name="test_evaluator_maths" time="0.0028176307678222656"></testcase><testcase classname="mini_lambda.tests.test_mini_lambda" file="mini_lambda/tests/test_mini_lambda.py" line="593" name="test_evaluator_long_convertible" time="0.0016334056854248047"><skipped message="long seems not to be around anymore..." type="pytest.skip">mini_lambda/tests/test_mini_lambda.py:593: &lt;py._xmlgen.raw object at 0x7fafeec0beb8&gt;</skipped></testcase><testcase classname="mini_lambda.tests.test_mini_lambda" file="mini_lambda/tests/test_mini_lambda.py" line="609" name="test_evaluator_float_convertible" time="0.0021250247955322266"></testcase><testcase classname="mini_lambda.tests.test_mini_lambda" file="mini_lambda/tests/test_mini_lambda.py" line="624" name="test_evaluator_complex_convertible" time="0.0016908645629882812"></testcase><testcase classname="mini_lambda.tests.test_mini_lambda" file="mini_lambda/tests/test_mini_lambda.py" line="640" name="test_evaluator_oct_convertible" time="0.002213001251220703"></testcase><testcase classname="mini_lambda.tests.test_mini_lambda" file="mini_lambda/tests/test_mini_lambda.py" line="655" name="test_evaluator_index_slice" time="0.001943826675415039"></testcase><testcase classname="mini_lambda.tests.test_mini_lambda" file="mini_lambda/tests/test_mini_lambda.py" line="679" name="test_evaluator_different_vars" time="0.0036728382110595703"></testcase><testcase classname="mini_lambda.tests.test_mini_lambda" file="mini_lambda/tests/test_mini_lambda.py" line="713" name="test_constants_named" time="0.002855062484741211"></testcase><testcase classname="mini_lambda.tests.test_mini_lambda" file="mini_lambda/tests/test_mini_lambda.py" line="725" name="test_generated_methods" time="0.002732992172241211"><system-out>sin(x)
</system-out></testcase><testcase classname="mini_lambda.tests.test_mini_lambda" file="mini_lambda/tests/test_mini_lambda.py" line="739" name="test_constants_methods_can_be_combined" time="0.0017709732055664062"></testcase><testcase classname="mini_lambda.tests.test_mini_lambda_add_methods" file="mini_lambda/tests/test_mini_lambda_add_methods.py" line="5" name="test_add_new_unbound_positional" time="0.0030317306518554688"><system-out>log(2.718281828459045 ** x)
</system-out></testcase><testcase classname="mini_lambda.tests.test_mini_lambda_add_methods" file="mini_lambda/tests/test_mini_lambda_add_methods.py" line="34" name="test_add_new_unbound_keywords" time="0.001997709274291992"></testcase><testcase classname="mini_lambda.tests.test_mini_lambda_add_methods" file="mini_lambda/tests/test_mini_lambda_add_methods.py" line="53" name="test_add_new_unbound_no_name" time="0.0025243759155273438"></testcase><testcase classname="mini_lambda.tests.test_mini_lambda_add_methods" file="mini_lambda/tests/test_mini_lambda_add_methods.py" line="88" name="test_add_new_bound_positional" time="0.002575397491455078"></testcase><testcase classname="mini_lambda.tests.test_mini_lambda_add_methods" file="mini_lambda/tests/test_mini_lambda_add_methods.py" line="106" name="test_add_new_bound_keywords_static_class" time="0.002452850341796875"></testcase><testcase classname="mini_lambda.tests.test_mini_lambda_add_methods" file="mini_lambda/tests/test_mini_lambda_add_methods.py" line="149" name="test_donot_add_new_bound_with_constants" time="0.002351045608520508"></testcase><testcase classname="mini_lambda.tests.test_mini_lambda_add_methods" file="mini_lambda/tests/test_mini_lambda_add_methods.py" line="166" name="test_add_class" time="0.0020818710327148438"></testcase><testcase classname="mini_lambda.tests.test_packaging" file="mini_lambda/tests/test_packaging.py" line="1" name="test_named_import" time="0.002466917037963867"></testcase><testcase classname="mini_lambda.tests.test_packaging" file="mini_lambda/tests/test_packaging.py" line="6" name="test_import_from" time="0.002062559127807617"></testcase><testcase classname="mini_lambda.tests.test_packaging_wild" file="mini_lambda/tests/test_packaging_wild.py" line="3" name="test_wild_import" time="0.0026657581329345703"></testcase><testcase classname="mini_lambda.tests.test_readme" file="mini_lambda/tests/test_readme.py" line="6" name="test_doc_index_1" time="0.0026128292083740234"><system-out>Hello, world !
&apos;Hello, &apos; + s + &apos; !&apos;
</system-out></testcase><testcase classname="mini_lambda.tests.test_readme" file="mini_lambda/tests/test_readme.py" line="23" name="test_doc_index_2" time="0.003778696060180664"><system-out>s.islower()
s[0:4].upper() + &apos; !&apos;
-x &gt; x ** 2
(1 - 2 * x &lt;= -x) | (-x &gt; x ** 2)
log(10 ** x, 10)
</system-out></testcase><testcase classname="mini_lambda.tests.test_readme" file="mini_lambda/tests/test_readme.py" line="56" name="test_doc_usage_input_variables" time="0.0029430389404296875"></testcase><testcase classname="mini_lambda.tests.test_readme" file="mini_lambda/tests/test_readme.py" line="66" name="test_doc_usage_expressions_1" time="0.003914594650268555"><system-out>&lt;class &apos;mini_lambda.main._LambdaExpression&apos;&gt;
1234
x
</system-out></testcase><testcase classname="mini_lambda.tests.test_readme" file="mini_lambda/tests/test_readme.py" line="83" name="test_doc_usage_expressions_2" time="0.0021681785583496094"></testcase><testcase classname="mini_lambda.tests.test_readme" file="mini_lambda/tests/test_readme.py" line="114" name="test_doc_usage_expressions_3_all_at_once" time="0.003681182861328125"><system-out>Hello, world !
</system-out></testcase><testcase classname="mini_lambda.tests.test_readme" file="mini_lambda/tests/test_readme.py" line="121" name="test_doc_usage_syntax_1" time="0.002805948257446289"></testcase><testcase classname="mini_lambda.tests.test_readme" file="mini_lambda/tests/test_readme.py" line="138" name="test_doc_usage_syntax_2" time="0.005306720733642578"></testcase><testcase classname="mini_lambda.tests.test_readme" file="mini_lambda/tests/test_readme.py" line="214" name="test_doc_usage_other_constants" time="0.003415346145629883"></testcase><testcase classname="mini_lambda.tests.test_readme" file="mini_lambda/tests/test_readme.py" line="230" name="test_doc_usage_other_functions_1" time="0.0036072731018066406"><system-out>startswith(&apos;hello&apos;, &apos;el&apos;, x)
</system-out></testcase><testcase classname="mini_lambda.tests.test_readme" file="mini_lambda/tests/test_readme.py" line="268" name="test_doc_usage_other_functions_2" time="0.003372669219970703"></testcase><testcase classname="mini_lambda.tests.test_readme" file="mini_lambda/tests/test_readme.py" line="303" name="test_doc_usage_other_classes" time="0.004777669906616211"></testcase><testcase classname="mini_lambda.tests.test_readme" file="mini_lambda/tests/test_readme.py" line="316" name="test_doc_usage_all_at_once" time="0.014713048934936523"><system-out>   0  1
0  1  2
</system-out></testcase><testcase classname="mini_lambda.tests.test_readme" file="mini_lambda/tests/test_readme.py" line="328" name="test_doc_usage_already_imported" time="0.0029518604278564453"></testcase></testsuite>