<?xml version="1.0" encoding="utf-8"?><testsuite errors="0" failures="0" name="pytest" skips="2" tests="62" time="1.011"><testcase classname="mini_lambda.tests.test_mini_lambda" file="mini_lambda/tests/test_mini_lambda.py" line="16" name="test_evaluator_iterable" time="0.002178668975830078"></testcase><testcase classname="mini_lambda.tests.test_mini_lambda" file="mini_lambda/tests/test_mini_lambda.py" line="31" name="test_evaluator_iterator" time="0.001094818115234375"></testcase><testcase classname="mini_lambda.tests.test_mini_lambda" file="mini_lambda/tests/test_mini_lambda.py" line="52" name="test_evaluator_iterator_iterable" time="0.0009527206420898438"></testcase><testcase classname="mini_lambda.tests.test_mini_lambda" file="mini_lambda/tests/test_mini_lambda.py" line="63" name="test_evaluator_iterable_iterator_and_comparison" time="0.0026268959045410156"></testcase><testcase classname="mini_lambda.tests.test_mini_lambda" file="mini_lambda/tests/test_mini_lambda.py" line="75" name="test_evaluator_comprehension" time="0.0009591579437255859"></testcase><testcase classname="mini_lambda.tests.test_mini_lambda" file="mini_lambda/tests/test_mini_lambda.py" line="84" name="test_evaluator_iterable_any" time="0.0019092559814453125"></testcase><testcase classname="mini_lambda.tests.test_mini_lambda" file="mini_lambda/tests/test_mini_lambda.py" line="98" name="test_evaluator_iterable_all" time="0.0010514259338378906"></testcase><testcase classname="mini_lambda.tests.test_mini_lambda" file="mini_lambda/tests/test_mini_lambda.py" line="113" name="test_evaluator_repr" time="0.002172708511352539"></testcase><testcase classname="mini_lambda.tests.test_mini_lambda" file="mini_lambda/tests/test_mini_lambda.py" line="130" name="test_evaluator_complex_1" time="0.002095460891723633"></testcase><testcase classname="mini_lambda.tests.test_mini_lambda" file="mini_lambda/tests/test_mini_lambda.py" line="141" name="test_evaluator_str" time="0.0018956661224365234"></testcase><testcase classname="mini_lambda.tests.test_mini_lambda" file="mini_lambda/tests/test_mini_lambda.py" line="157" name="test_evaluator_bytes" time="0.0010793209075927734"></testcase><testcase classname="mini_lambda.tests.test_mini_lambda" file="mini_lambda/tests/test_mini_lambda.py" line="174" name="test_evaluator_format" time="0.0012562274932861328"></testcase><testcase classname="mini_lambda.tests.test_mini_lambda" file="mini_lambda/tests/test_mini_lambda.py" line="196" name="test_evaluator_sizeof" time="0.001953125"></testcase><testcase classname="mini_lambda.tests.test_mini_lambda" file="mini_lambda/tests/test_mini_lambda.py" line="214" name="test_evaluator_comparable" time="0.0012788772583007812"></testcase><testcase classname="mini_lambda.tests.test_mini_lambda" file="mini_lambda/tests/test_mini_lambda.py" line="234" name="test_evaluator_comparable_normal_function_first" time="0.0020580291748046875"><skipped message="it is not possible anymore to use functions as expressions, they need to be converted first" type="pytest.skip">mini_lambda/tests/test_mini_lambda.py:234: &lt;py._xmlgen.raw object at 0x7f56ce04e978&gt;</skipped></testcase><testcase classname="mini_lambda.tests.test_mini_lambda" file="mini_lambda/tests/test_mini_lambda.py" line="247" name="test_evaluator_comparable_both_evaluators" time="0.0014307498931884766"></testcase><testcase classname="mini_lambda.tests.test_mini_lambda" file="mini_lambda/tests/test_mini_lambda.py" line="260" name="test_evaluator_hashable" time="0.0016591548919677734"></testcase><testcase classname="mini_lambda.tests.test_mini_lambda" file="mini_lambda/tests/test_mini_lambda.py" line="276" name="test_evaluator_truth_testable" time="0.0016145706176757812"></testcase><testcase classname="mini_lambda.tests.test_mini_lambda" file="mini_lambda/tests/test_mini_lambda.py" line="292" name="test_evaluator_truth_testable_not" time="0.001447439193725586"></testcase><testcase classname="mini_lambda.tests.test_mini_lambda" file="mini_lambda/tests/test_mini_lambda.py" line="308" name="test_evaluator_attribute" time="0.0016601085662841797"></testcase><testcase classname="mini_lambda.tests.test_mini_lambda" file="mini_lambda/tests/test_mini_lambda.py" line="327" name="test_evaluator_nonexistent_attribute_2" time="0.0015850067138671875"></testcase><testcase classname="mini_lambda.tests.test_mini_lambda" file="mini_lambda/tests/test_mini_lambda.py" line="378" name="test_evaluator_container" time="0.0016224384307861328"></testcase><testcase classname="mini_lambda.tests.test_mini_lambda" file="mini_lambda/tests/test_mini_lambda.py" line="395" name="test_evaluator_sized" time="0.0019421577453613281"></testcase><testcase classname="mini_lambda.tests.test_mini_lambda" file="mini_lambda/tests/test_mini_lambda.py" line="409" name="test_evaluator_sized_compared" time="0.001621246337890625"></testcase><testcase classname="mini_lambda.tests.test_mini_lambda" file="mini_lambda/tests/test_mini_lambda.py" line="432" name="test_evaluator_reversible" time="0.001180887222290039"></testcase><testcase classname="mini_lambda.tests.test_mini_lambda" file="mini_lambda/tests/test_mini_lambda.py" line="444" name="test_evaluator_mapping" time="0.0015034675598144531"></testcase><testcase classname="mini_lambda.tests.test_mini_lambda" file="mini_lambda/tests/test_mini_lambda.py" line="464" name="test_evaluator_mapping_key" time="0.0019516944885253906"></testcase><testcase classname="mini_lambda.tests.test_mini_lambda" file="mini_lambda/tests/test_mini_lambda.py" line="478" name="test_evaluator_list_slice" time="0.0022313594818115234"></testcase><testcase classname="mini_lambda.tests.test_mini_lambda" file="mini_lambda/tests/test_mini_lambda.py" line="495" name="test_evaluator_numeric" time="0.0019583702087402344"></testcase><testcase classname="mini_lambda.tests.test_mini_lambda" file="mini_lambda/tests/test_mini_lambda.py" line="548" name="test_evaluator_print_pow" time="0.001180887222290039"></testcase><testcase classname="mini_lambda.tests.test_mini_lambda" file="mini_lambda/tests/test_mini_lambda.py" line="559" name="test_evaluator_int_convertible" time="0.0017657279968261719"></testcase><testcase classname="mini_lambda.tests.test_mini_lambda" file="mini_lambda/tests/test_mini_lambda.py" line="573" name="test_evaluator_maths" time="0.0017762184143066406"></testcase><testcase classname="mini_lambda.tests.test_mini_lambda" file="mini_lambda/tests/test_mini_lambda.py" line="593" name="test_evaluator_long_convertible" time="0.0009741783142089844"><skipped message="long seems not to be around anymore..." type="pytest.skip">mini_lambda/tests/test_mini_lambda.py:593: &lt;py._xmlgen.raw object at 0x7f56ce04e5c0&gt;</skipped></testcase><testcase classname="mini_lambda.tests.test_mini_lambda" file="mini_lambda/tests/test_mini_lambda.py" line="609" name="test_evaluator_float_convertible" time="0.001750946044921875"></testcase><testcase classname="mini_lambda.tests.test_mini_lambda" file="mini_lambda/tests/test_mini_lambda.py" line="624" name="test_evaluator_complex_convertible" time="0.001068115234375"></testcase><testcase classname="mini_lambda.tests.test_mini_lambda" file="mini_lambda/tests/test_mini_lambda.py" line="640" name="test_evaluator_oct_convertible" time="0.001720428466796875"></testcase><testcase classname="mini_lambda.tests.test_mini_lambda" file="mini_lambda/tests/test_mini_lambda.py" line="655" name="test_evaluator_index_slice" time="0.0023245811462402344"></testcase><testcase classname="mini_lambda.tests.test_mini_lambda" file="mini_lambda/tests/test_mini_lambda.py" line="679" name="test_evaluator_different_vars" time="0.00275421142578125"></testcase><testcase classname="mini_lambda.tests.test_mini_lambda" file="mini_lambda/tests/test_mini_lambda.py" line="713" name="test_constants_named" time="0.001172780990600586"></testcase><testcase classname="mini_lambda.tests.test_mini_lambda" file="mini_lambda/tests/test_mini_lambda.py" line="725" name="test_generated_methods" time="0.0017125606536865234"><system-out>sin(x)
</system-out></testcase><testcase classname="mini_lambda.tests.test_mini_lambda" file="mini_lambda/tests/test_mini_lambda.py" line="739" name="test_constants_methods_can_be_combined" time="0.001547098159790039"></testcase><testcase classname="mini_lambda.tests.test_mini_lambda_add_methods" file="mini_lambda/tests/test_mini_lambda_add_methods.py" line="5" name="test_add_new_unbound_positional" time="0.0023565292358398438"><system-out>log(2.718281828459045 ** x)
</system-out></testcase><testcase classname="mini_lambda.tests.test_mini_lambda_add_methods" file="mini_lambda/tests/test_mini_lambda_add_methods.py" line="34" name="test_add_new_unbound_keywords" time="0.0017545223236083984"></testcase><testcase classname="mini_lambda.tests.test_mini_lambda_add_methods" file="mini_lambda/tests/test_mini_lambda_add_methods.py" line="53" name="test_add_new_unbound_no_name" time="0.0023889541625976562"></testcase><testcase classname="mini_lambda.tests.test_mini_lambda_add_methods" file="mini_lambda/tests/test_mini_lambda_add_methods.py" line="88" name="test_add_new_bound_positional" time="0.001833200454711914"></testcase><testcase classname="mini_lambda.tests.test_mini_lambda_add_methods" file="mini_lambda/tests/test_mini_lambda_add_methods.py" line="106" name="test_add_new_bound_keywords_static_class" time="0.0019297599792480469"></testcase><testcase classname="mini_lambda.tests.test_mini_lambda_add_methods" file="mini_lambda/tests/test_mini_lambda_add_methods.py" line="149" name="test_donot_add_new_bound_with_constants" time="0.0008978843688964844"></testcase><testcase classname="mini_lambda.tests.test_mini_lambda_add_methods" file="mini_lambda/tests/test_mini_lambda_add_methods.py" line="166" name="test_add_class" time="0.0017893314361572266"></testcase><testcase classname="mini_lambda.tests.test_readme" file="mini_lambda/tests/test_readme.py" line="6" name="test_doc_index_1" time="0.0017595291137695312"><system-out>Hello, world !
&apos;Hello, &apos; + s + &apos; !&apos;
</system-out></testcase><testcase classname="mini_lambda.tests.test_readme" file="mini_lambda/tests/test_readme.py" line="23" name="test_doc_index_2" time="0.0014717578887939453"><system-out>s.islower()
s[0:4].upper() + &apos; !&apos;
-x &gt; x ** 2
(1 - 2 * x &lt;= -x) | (-x &gt; x ** 2)
log(10 ** x, 10)
</system-out></testcase><testcase classname="mini_lambda.tests.test_readme" file="mini_lambda/tests/test_readme.py" line="56" name="test_doc_usage_input_variables" time="0.001577138900756836"></testcase><testcase classname="mini_lambda.tests.test_readme" file="mini_lambda/tests/test_readme.py" line="66" name="test_doc_usage_expressions_1" time="0.0009746551513671875"><system-out>&lt;class &apos;mini_lambda.main._LambdaExpression&apos;&gt;
1234
x
</system-out></testcase><testcase classname="mini_lambda.tests.test_readme" file="mini_lambda/tests/test_readme.py" line="83" name="test_doc_usage_expressions_2" time="0.0011799335479736328"></testcase><testcase classname="mini_lambda.tests.test_readme" file="mini_lambda/tests/test_readme.py" line="114" name="test_doc_usage_expressions_3_all_at_once" time="0.0017101764678955078"><system-out>Hello, world !
</system-out></testcase><testcase classname="mini_lambda.tests.test_readme" file="mini_lambda/tests/test_readme.py" line="121" name="test_doc_usage_syntax_1" time="0.0011315345764160156"></testcase><testcase classname="mini_lambda.tests.test_readme" file="mini_lambda/tests/test_readme.py" line="138" name="test_doc_usage_syntax_2" time="0.0021789073944091797"></testcase><testcase classname="mini_lambda.tests.test_readme" file="mini_lambda/tests/test_readme.py" line="214" name="test_doc_usage_other_constants" time="0.0017681121826171875"></testcase><testcase classname="mini_lambda.tests.test_readme" file="mini_lambda/tests/test_readme.py" line="230" name="test_doc_usage_other_functions_1" time="0.0019073486328125"><system-out>startswith(&apos;hello&apos;, &apos;el&apos;, x)
</system-out></testcase><testcase classname="mini_lambda.tests.test_readme" file="mini_lambda/tests/test_readme.py" line="268" name="test_doc_usage_other_functions_2" time="0.0026776790618896484"></testcase><testcase classname="mini_lambda.tests.test_readme" file="mini_lambda/tests/test_readme.py" line="303" name="test_doc_usage_other_classes" time="0.0059621334075927734"></testcase><testcase classname="mini_lambda.tests.test_readme" file="mini_lambda/tests/test_readme.py" line="316" name="test_doc_usage_all_at_once" time="0.007872581481933594"><system-out>   0  1
0  1  2
</system-out></testcase><testcase classname="mini_lambda.tests.test_readme" file="mini_lambda/tests/test_readme.py" line="328" name="test_doc_usage_already_imported" time="0.001628875732421875"></testcase></testsuite>