<?xml version="1.0" encoding="utf-8"?><testsuite errors="0" failures="0" name="pytest" skips="1" tests="34" time="0.589"><testcase classname="mini_lambda.tests.test_mini_lambda" file="mini_lambda/tests/test_mini_lambda.py" line="16" name="test_evaluator_iterable" time="0.001535654067993164"></testcase><testcase classname="mini_lambda.tests.test_mini_lambda" file="mini_lambda/tests/test_mini_lambda.py" line="31" name="test_evaluator_iterator" time="0.001272439956665039"></testcase><testcase classname="mini_lambda.tests.test_mini_lambda" file="mini_lambda/tests/test_mini_lambda.py" line="52" name="test_evaluator_iterator_iterable" time="0.000873565673828125"></testcase><testcase classname="mini_lambda.tests.test_mini_lambda" file="mini_lambda/tests/test_mini_lambda.py" line="63" name="test_evaluator_iterable_iterator_and_comparison" time="0.0009047985076904297"></testcase><testcase classname="mini_lambda.tests.test_mini_lambda" file="mini_lambda/tests/test_mini_lambda.py" line="75" name="test_evaluator_comprehension" time="0.0012063980102539062"></testcase><testcase classname="mini_lambda.tests.test_mini_lambda" file="mini_lambda/tests/test_mini_lambda.py" line="84" name="test_evaluator_iterable_any" time="0.0011477470397949219"></testcase><testcase classname="mini_lambda.tests.test_mini_lambda" file="mini_lambda/tests/test_mini_lambda.py" line="98" name="test_evaluator_iterable_all" time="0.001275777816772461"></testcase><testcase classname="mini_lambda.tests.test_mini_lambda" file="mini_lambda/tests/test_mini_lambda.py" line="113" name="test_evaluator_repr" time="0.001049041748046875"></testcase><testcase classname="mini_lambda.tests.test_mini_lambda" file="mini_lambda/tests/test_mini_lambda.py" line="130" name="test_evaluator_complex_1" time="0.0014481544494628906"></testcase><testcase classname="mini_lambda.tests.test_mini_lambda" file="mini_lambda/tests/test_mini_lambda.py" line="141" name="test_evaluator_str" time="0.0009284019470214844"></testcase><testcase classname="mini_lambda.tests.test_mini_lambda" file="mini_lambda/tests/test_mini_lambda.py" line="157" name="test_evaluator_bytes" time="0.0011200904846191406"></testcase><testcase classname="mini_lambda.tests.test_mini_lambda" file="mini_lambda/tests/test_mini_lambda.py" line="174" name="test_evaluator_sizeof" time="0.0013892650604248047"></testcase><testcase classname="mini_lambda.tests.test_mini_lambda" file="mini_lambda/tests/test_mini_lambda.py" line="192" name="test_evaluator_comparable" time="0.0012202262878417969"></testcase><testcase classname="mini_lambda.tests.test_mini_lambda" file="mini_lambda/tests/test_mini_lambda.py" line="212" name="test_evaluator_comparable_normal_function_first" time="0.0027954578399658203"></testcase><testcase classname="mini_lambda.tests.test_mini_lambda" file="mini_lambda/tests/test_mini_lambda.py" line="224" name="test_evaluator_comparable_both_evaluators" time="0.0010576248168945312"></testcase><testcase classname="mini_lambda.tests.test_mini_lambda" file="mini_lambda/tests/test_mini_lambda.py" line="237" name="test_evaluator_hashable" time="0.0012197494506835938"></testcase><testcase classname="mini_lambda.tests.test_mini_lambda" file="mini_lambda/tests/test_mini_lambda.py" line="253" name="test_evaluator_truth_testable" time="0.0014827251434326172"></testcase><testcase classname="mini_lambda.tests.test_mini_lambda" file="mini_lambda/tests/test_mini_lambda.py" line="269" name="test_evaluator_truth_testable_not" time="0.001188039779663086"></testcase><testcase classname="mini_lambda.tests.test_mini_lambda" file="mini_lambda/tests/test_mini_lambda.py" line="285" name="test_evaluator_attribute" time="0.0013282299041748047"></testcase><testcase classname="mini_lambda.tests.test_mini_lambda" file="mini_lambda/tests/test_mini_lambda.py" line="304" name="test_evaluator_nonexistent_attribute_2" time="0.0011205673217773438"></testcase><testcase classname="mini_lambda.tests.test_mini_lambda" file="mini_lambda/tests/test_mini_lambda.py" line="355" name="test_evaluator_container" time="0.0011565685272216797"></testcase><testcase classname="mini_lambda.tests.test_mini_lambda" file="mini_lambda/tests/test_mini_lambda.py" line="372" name="test_evaluator_sized" time="0.0011205673217773438"></testcase><testcase classname="mini_lambda.tests.test_mini_lambda" file="mini_lambda/tests/test_mini_lambda.py" line="386" name="test_evaluator_sized_compared" time="0.0014774799346923828"></testcase><testcase classname="mini_lambda.tests.test_mini_lambda" file="mini_lambda/tests/test_mini_lambda.py" line="409" name="test_evaluator_reversible" time="0.0007963180541992188"></testcase><testcase classname="mini_lambda.tests.test_mini_lambda" file="mini_lambda/tests/test_mini_lambda.py" line="421" name="test_evaluator_mapping" time="0.0009405612945556641"></testcase><testcase classname="mini_lambda.tests.test_mini_lambda" file="mini_lambda/tests/test_mini_lambda.py" line="447" name="test_evaluator_numeric" time="0.001617431640625"></testcase><testcase classname="mini_lambda.tests.test_mini_lambda" file="mini_lambda/tests/test_mini_lambda.py" line="500" name="test_evaluator_print_pow" time="0.0013518333435058594"></testcase><testcase classname="mini_lambda.tests.test_mini_lambda" file="mini_lambda/tests/test_mini_lambda.py" line="511" name="test_evaluator_int_convertible" time="0.0011184215545654297"></testcase><testcase classname="mini_lambda.tests.test_mini_lambda" file="mini_lambda/tests/test_mini_lambda.py" line="525" name="test_evaluator_long_convertible" time="0.00115966796875"><skipped message="long seems not to be around anymore..." type="pytest.skip">mini_lambda/tests/test_mini_lambda.py:525: &lt;py._xmlgen.raw object at 0x7f801dc1b160&gt;</skipped></testcase><testcase classname="mini_lambda.tests.test_mini_lambda" file="mini_lambda/tests/test_mini_lambda.py" line="541" name="test_evaluator_float_convertible" time="0.00152587890625"></testcase><testcase classname="mini_lambda.tests.test_mini_lambda" file="mini_lambda/tests/test_mini_lambda.py" line="556" name="test_evaluator_complex_convertible" time="0.0013499259948730469"></testcase><testcase classname="mini_lambda.tests.test_mini_lambda" file="mini_lambda/tests/test_mini_lambda.py" line="572" name="test_evaluator_oct_convertible" time="0.0009684562683105469"></testcase><testcase classname="mini_lambda.tests.test_mini_lambda" file="mini_lambda/tests/test_mini_lambda.py" line="587" name="test_evaluator_index_slice" time="0.0020351409912109375"></testcase><testcase classname="mini_lambda.tests.test_readme" file="mini_lambda/tests/test_readme.py" line="6" name="test_readme_1" time="0.0017690658569335938"><system-out>s.islower()
&apos;Hello, &apos; + s + &apos; !&apos;
s[0:4].upper() + &apos; !&apos;
-x &gt; x ** 2
(1 - 2 * x &lt;= -x) | (-x &gt; x ** 2)
</system-out></testcase></testsuite>