<?xml version="1.0" encoding="utf-8"?><testsuite errors="0" failures="0" name="pytest" skips="2" tests="62" time="1.446"><testcase classname="mini_lambda.tests.test_mini_lambda" file="mini_lambda/tests/test_mini_lambda.py" line="16" name="test_evaluator_iterable" time="0.002057313919067383"></testcase><testcase classname="mini_lambda.tests.test_mini_lambda" file="mini_lambda/tests/test_mini_lambda.py" line="31" name="test_evaluator_iterator" time="0.0021042823791503906"></testcase><testcase classname="mini_lambda.tests.test_mini_lambda" file="mini_lambda/tests/test_mini_lambda.py" line="52" name="test_evaluator_iterator_iterable" time="0.0032320022583007812"></testcase><testcase classname="mini_lambda.tests.test_mini_lambda" file="mini_lambda/tests/test_mini_lambda.py" line="63" name="test_evaluator_iterable_iterator_and_comparison" time="0.003349781036376953"></testcase><testcase classname="mini_lambda.tests.test_mini_lambda" file="mini_lambda/tests/test_mini_lambda.py" line="75" name="test_evaluator_comprehension" time="0.0013899803161621094"></testcase><testcase classname="mini_lambda.tests.test_mini_lambda" file="mini_lambda/tests/test_mini_lambda.py" line="84" name="test_evaluator_iterable_any" time="0.0016026496887207031"></testcase><testcase classname="mini_lambda.tests.test_mini_lambda" file="mini_lambda/tests/test_mini_lambda.py" line="98" name="test_evaluator_iterable_all" time="0.002871990203857422"></testcase><testcase classname="mini_lambda.tests.test_mini_lambda" file="mini_lambda/tests/test_mini_lambda.py" line="113" name="test_evaluator_repr" time="0.002476930618286133"></testcase><testcase classname="mini_lambda.tests.test_mini_lambda" file="mini_lambda/tests/test_mini_lambda.py" line="130" name="test_evaluator_complex_1" time="0.0019440650939941406"></testcase><testcase classname="mini_lambda.tests.test_mini_lambda" file="mini_lambda/tests/test_mini_lambda.py" line="141" name="test_evaluator_str" time="0.0015578269958496094"></testcase><testcase classname="mini_lambda.tests.test_mini_lambda" file="mini_lambda/tests/test_mini_lambda.py" line="157" name="test_evaluator_bytes" time="0.002544879913330078"></testcase><testcase classname="mini_lambda.tests.test_mini_lambda" file="mini_lambda/tests/test_mini_lambda.py" line="174" name="test_evaluator_format" time="0.0016276836395263672"></testcase><testcase classname="mini_lambda.tests.test_mini_lambda" file="mini_lambda/tests/test_mini_lambda.py" line="196" name="test_evaluator_sizeof" time="0.0014591217041015625"></testcase><testcase classname="mini_lambda.tests.test_mini_lambda" file="mini_lambda/tests/test_mini_lambda.py" line="214" name="test_evaluator_comparable" time="0.003113985061645508"></testcase><testcase classname="mini_lambda.tests.test_mini_lambda" file="mini_lambda/tests/test_mini_lambda.py" line="234" name="test_evaluator_comparable_normal_function_first" time="0.0010607242584228516"><skipped message="it is not possible anymore to use functions as expressions, they need to be converted first" type="pytest.skip">mini_lambda/tests/test_mini_lambda.py:234: &lt;py._xmlgen.raw object at 0x7f8d26e7a128&gt;</skipped></testcase><testcase classname="mini_lambda.tests.test_mini_lambda" file="mini_lambda/tests/test_mini_lambda.py" line="247" name="test_evaluator_comparable_both_evaluators" time="0.002201557159423828"></testcase><testcase classname="mini_lambda.tests.test_mini_lambda" file="mini_lambda/tests/test_mini_lambda.py" line="260" name="test_evaluator_hashable" time="0.0017328262329101562"></testcase><testcase classname="mini_lambda.tests.test_mini_lambda" file="mini_lambda/tests/test_mini_lambda.py" line="276" name="test_evaluator_truth_testable" time="0.0016312599182128906"></testcase><testcase classname="mini_lambda.tests.test_mini_lambda" file="mini_lambda/tests/test_mini_lambda.py" line="292" name="test_evaluator_truth_testable_not" time="0.0026776790618896484"></testcase><testcase classname="mini_lambda.tests.test_mini_lambda" file="mini_lambda/tests/test_mini_lambda.py" line="308" name="test_evaluator_attribute" time="0.002775430679321289"></testcase><testcase classname="mini_lambda.tests.test_mini_lambda" file="mini_lambda/tests/test_mini_lambda.py" line="327" name="test_evaluator_nonexistent_attribute_2" time="0.002583026885986328"></testcase><testcase classname="mini_lambda.tests.test_mini_lambda" file="mini_lambda/tests/test_mini_lambda.py" line="378" name="test_evaluator_container" time="0.0024383068084716797"></testcase><testcase classname="mini_lambda.tests.test_mini_lambda" file="mini_lambda/tests/test_mini_lambda.py" line="395" name="test_evaluator_sized" time="0.002412557601928711"></testcase><testcase classname="mini_lambda.tests.test_mini_lambda" file="mini_lambda/tests/test_mini_lambda.py" line="409" name="test_evaluator_sized_compared" time="0.0022957324981689453"></testcase><testcase classname="mini_lambda.tests.test_mini_lambda" file="mini_lambda/tests/test_mini_lambda.py" line="432" name="test_evaluator_reversible" time="0.002167940139770508"></testcase><testcase classname="mini_lambda.tests.test_mini_lambda" file="mini_lambda/tests/test_mini_lambda.py" line="444" name="test_evaluator_mapping" time="0.002308368682861328"></testcase><testcase classname="mini_lambda.tests.test_mini_lambda" file="mini_lambda/tests/test_mini_lambda.py" line="464" name="test_evaluator_mapping_key" time="0.0013091564178466797"></testcase><testcase classname="mini_lambda.tests.test_mini_lambda" file="mini_lambda/tests/test_mini_lambda.py" line="478" name="test_evaluator_list_slice" time="0.002744436264038086"></testcase><testcase classname="mini_lambda.tests.test_mini_lambda" file="mini_lambda/tests/test_mini_lambda.py" line="495" name="test_evaluator_numeric" time="0.0030040740966796875"></testcase><testcase classname="mini_lambda.tests.test_mini_lambda" file="mini_lambda/tests/test_mini_lambda.py" line="548" name="test_evaluator_print_pow" time="0.0011529922485351562"></testcase><testcase classname="mini_lambda.tests.test_mini_lambda" file="mini_lambda/tests/test_mini_lambda.py" line="559" name="test_evaluator_int_convertible" time="0.0019316673278808594"></testcase><testcase classname="mini_lambda.tests.test_mini_lambda" file="mini_lambda/tests/test_mini_lambda.py" line="573" name="test_evaluator_maths" time="0.0022869110107421875"></testcase><testcase classname="mini_lambda.tests.test_mini_lambda" file="mini_lambda/tests/test_mini_lambda.py" line="593" name="test_evaluator_long_convertible" time="0.0011990070343017578"><skipped message="long seems not to be around anymore..." type="pytest.skip">mini_lambda/tests/test_mini_lambda.py:593: &lt;py._xmlgen.raw object at 0x7f8d26f8f080&gt;</skipped></testcase><testcase classname="mini_lambda.tests.test_mini_lambda" file="mini_lambda/tests/test_mini_lambda.py" line="609" name="test_evaluator_float_convertible" time="0.002667665481567383"></testcase><testcase classname="mini_lambda.tests.test_mini_lambda" file="mini_lambda/tests/test_mini_lambda.py" line="624" name="test_evaluator_complex_convertible" time="0.0026884078979492188"></testcase><testcase classname="mini_lambda.tests.test_mini_lambda" file="mini_lambda/tests/test_mini_lambda.py" line="640" name="test_evaluator_oct_convertible" time="0.0023903846740722656"></testcase><testcase classname="mini_lambda.tests.test_mini_lambda" file="mini_lambda/tests/test_mini_lambda.py" line="655" name="test_evaluator_index_slice" time="0.002442598342895508"></testcase><testcase classname="mini_lambda.tests.test_mini_lambda" file="mini_lambda/tests/test_mini_lambda.py" line="679" name="test_evaluator_different_vars" time="0.0026259422302246094"></testcase><testcase classname="mini_lambda.tests.test_mini_lambda" file="mini_lambda/tests/test_mini_lambda.py" line="713" name="test_constants_named" time="0.0013437271118164062"></testcase><testcase classname="mini_lambda.tests.test_mini_lambda" file="mini_lambda/tests/test_mini_lambda.py" line="725" name="test_generated_methods" time="0.002541780471801758"><system-out>sin(x)
</system-out></testcase><testcase classname="mini_lambda.tests.test_mini_lambda" file="mini_lambda/tests/test_mini_lambda.py" line="739" name="test_constants_methods_can_be_combined" time="0.001775979995727539"></testcase><testcase classname="mini_lambda.tests.test_mini_lambda_add_methods" file="mini_lambda/tests/test_mini_lambda_add_methods.py" line="5" name="test_add_new_unbound_positional" time="0.0020143985748291016"><system-out>log(2.718281828459045 ** x)
</system-out></testcase><testcase classname="mini_lambda.tests.test_mini_lambda_add_methods" file="mini_lambda/tests/test_mini_lambda_add_methods.py" line="34" name="test_add_new_unbound_keywords" time="0.0020470619201660156"></testcase><testcase classname="mini_lambda.tests.test_mini_lambda_add_methods" file="mini_lambda/tests/test_mini_lambda_add_methods.py" line="53" name="test_add_new_unbound_no_name" time="0.0029654502868652344"></testcase><testcase classname="mini_lambda.tests.test_mini_lambda_add_methods" file="mini_lambda/tests/test_mini_lambda_add_methods.py" line="88" name="test_add_new_bound_positional" time="0.0019791126251220703"></testcase><testcase classname="mini_lambda.tests.test_mini_lambda_add_methods" file="mini_lambda/tests/test_mini_lambda_add_methods.py" line="106" name="test_add_new_bound_keywords_static_class" time="0.003098726272583008"></testcase><testcase classname="mini_lambda.tests.test_mini_lambda_add_methods" file="mini_lambda/tests/test_mini_lambda_add_methods.py" line="149" name="test_donot_add_new_bound_with_constants" time="0.001634836196899414"></testcase><testcase classname="mini_lambda.tests.test_mini_lambda_add_methods" file="mini_lambda/tests/test_mini_lambda_add_methods.py" line="166" name="test_add_class" time="0.0016396045684814453"></testcase><testcase classname="mini_lambda.tests.test_readme" file="mini_lambda/tests/test_readme.py" line="6" name="test_doc_index_1" time="0.001980304718017578"><system-out>Hello, world !
&apos;Hello, &apos; + s + &apos; !&apos;
</system-out></testcase><testcase classname="mini_lambda.tests.test_readme" file="mini_lambda/tests/test_readme.py" line="23" name="test_doc_index_2" time="0.0038061141967773438"><system-out>s.islower()
s[0:4].upper() + &apos; !&apos;
-x &gt; x ** 2
(1 - 2 * x &lt;= -x) | (-x &gt; x ** 2)
log(10 ** x, 10)
</system-out></testcase><testcase classname="mini_lambda.tests.test_readme" file="mini_lambda/tests/test_readme.py" line="56" name="test_doc_usage_input_variables" time="0.0015208721160888672"></testcase><testcase classname="mini_lambda.tests.test_readme" file="mini_lambda/tests/test_readme.py" line="66" name="test_doc_usage_expressions_1" time="0.0014958381652832031"><system-out>&lt;class &apos;mini_lambda.main._LambdaExpression&apos;&gt;
1234
x
</system-out></testcase><testcase classname="mini_lambda.tests.test_readme" file="mini_lambda/tests/test_readme.py" line="83" name="test_doc_usage_expressions_2" time="0.0017313957214355469"></testcase><testcase classname="mini_lambda.tests.test_readme" file="mini_lambda/tests/test_readme.py" line="114" name="test_doc_usage_expressions_3_all_at_once" time="0.0015859603881835938"><system-out>Hello, world !
</system-out></testcase><testcase classname="mini_lambda.tests.test_readme" file="mini_lambda/tests/test_readme.py" line="121" name="test_doc_usage_syntax_1" time="0.001886129379272461"></testcase><testcase classname="mini_lambda.tests.test_readme" file="mini_lambda/tests/test_readme.py" line="138" name="test_doc_usage_syntax_2" time="0.0046694278717041016"></testcase><testcase classname="mini_lambda.tests.test_readme" file="mini_lambda/tests/test_readme.py" line="214" name="test_doc_usage_other_constants" time="0.0021169185638427734"></testcase><testcase classname="mini_lambda.tests.test_readme" file="mini_lambda/tests/test_readme.py" line="230" name="test_doc_usage_other_functions_1" time="0.002407073974609375"><system-out>startswith(&apos;hello&apos;, &apos;el&apos;, x)
</system-out></testcase><testcase classname="mini_lambda.tests.test_readme" file="mini_lambda/tests/test_readme.py" line="268" name="test_doc_usage_other_functions_2" time="0.002000570297241211"></testcase><testcase classname="mini_lambda.tests.test_readme" file="mini_lambda/tests/test_readme.py" line="303" name="test_doc_usage_other_classes" time="0.0031769275665283203"></testcase><testcase classname="mini_lambda.tests.test_readme" file="mini_lambda/tests/test_readme.py" line="316" name="test_doc_usage_all_at_once" time="0.011743545532226562"><system-out>   0  1
0  1  2
</system-out></testcase><testcase classname="mini_lambda.tests.test_readme" file="mini_lambda/tests/test_readme.py" line="328" name="test_doc_usage_already_imported" time="0.0016176700592041016"></testcase></testsuite>